<?xml version="1.0" encoding="UTF-8"?>
<!-- Generated by org.testng.reporters.JUnitReportReporter -->
<testsuite hostname="BDC11-L-7200DN4" failures="0" tests="1" name="Module.SampleProject.Flipkart" time="26.284" errors="0" timestamp="18 Oct 2018 07:58:14 GMT" skipped="0">
  <testcase classname="Module.SampleProject.Flipkart" name="cong" time="26.284"/>
</testsuite> <!-- Module.SampleProject.Flipkart -->
